
LICENSE SYSTEM [2018222 15:27:12] Next license update check is after 2018-02-23T05:57:07

DisplayProgressbar: Unity license
[Package Manager] Server::Start -- Port 50752 was selected

 COMMAND LINE ARGUMENTS:
/Applications/Unity/Unity.app/Contents/MacOS/Unity
-quit
-batchmode
-projectPath
/Users/kevin/Downloads/UnityCommandLineBuild-master
-executeMethod
BuildTool.Build
-logFile
/Users/kevin/Downloads/UnityCommandLineBuild-master/build.log
-destinationPath
/Users/kevin/Downloads/UnityCommandLineBuild-master/Tools
Successfully changed project path to: /Users/kevin/Downloads/UnityCommandLineBuild-master
/Users/kevin/Downloads/UnityCommandLineBuild-master
Loading GUID <-> Path mappings...0.000262 seconds
Loading Asset Database...0.035830 seconds
Audio: FMOD Profiler initialized on port 54900
AssetDatabase consistency checks...0.085062 seconds
Refreshing native plugins compatible for Editor in 13.52 ms, found 1 plugins.
Preloading 0 native plugins for Editor in 0.00 ms.
DisplayProgressbar: Unity Package Manager
[Package Manager] Resolving 4 packages:
[Package Manager]  * Package :  com.unity.ads@2.0.3
    (location: /Users/kevin/Library/Unity/cache/packages/packages.unity.com/com.unity.ads@2.0.3)
[Package Manager]  * Package :  com.unity.analytics@2.0.13
    (location: /Users/kevin/Library/Unity/cache/packages/packages.unity.com/com.unity.analytics@2.0.13)
[Package Manager]  * Package :  com.unity.purchasing@0.0.19
    (location: /Users/kevin/Library/Unity/cache/packages/packages.unity.com/com.unity.purchasing@0.0.19)
[Package Manager]  * Package :  com.unity.standardevents@1.0.10
    (location: /Users/kevin/Library/Unity/cache/packages/packages.unity.com/com.unity.standardevents@1.0.10)
[Package Manager] Resolve completed
Initialize engine version: 2017.3.1f1 (fc1d3344e6ea)
GfxDevice: creating device client; threaded=0
Renderer: Intel(R) Iris(TM) Graphics 540
Vendor:   Intel Inc.
Version:  4.1 INTEL-10.30.14
GLES:     0
 GL_ARB_blend_func_extended GL_ARB_draw_buffers_blend GL_ARB_draw_indirect GL_ARB_ES2_compatibility GL_ARB_explicit_attrib_location GL_ARB_gpu_shader_fp64 GL_ARB_gpu_shader5 GL_ARB_instanced_arrays GL_ARB_internalformat_query GL_ARB_occlusion_query2 GL_ARB_sample_shading GL_ARB_sampler_objects GL_ARB_separate_shader_objects GL_ARB_shader_bit_encoding GL_ARB_shader_subroutine GL_ARB_shading_language_include GL_ARB_tessellation_shader GL_ARB_texture_buffer_object_rgb32 GL_ARB_texture_cube_map_array GL_ARB_texture_gather GL_ARB_texture_query_lod GL_ARB_texture_rgb10_a2ui GL_ARB_texture_storage GL_ARB_texture_swizzle GL_ARB_timer_query GL_ARB_transform_feedback2 GL_ARB_transform_feedback3 GL_ARB_vertex_attrib_64bit GL_ARB_vertex_type_2_10_10_10_rev GL_ARB_viewport_array GL_EXT_debug_label GL_EXT_debug_marker GL_EXT_framebuffer_multisample_blit_scaled GL_EXT_texture_compression_s3tc GL_EXT_texture_filter_anisotropic GL_EXT_texture_sRGB_decode GL_APPLE_client_storage GL_APPLE_container_object_shareable GL_APPLE_fl
ush_render GL_APPLE_object_purgeable GL_APPLE_rgb_422 GL_APPLE_row_bytes GL_APPLE_texture_range GL_ATI_texture_mirror_once GL_NV_texture_barrier
OPENGL LOG: Creating OpenGL 4.1 graphics device ; Context level  <OpenGL 4.1> ; Context handle 252147712
Initialize mono
Mono path[0] = '/Applications/Unity/Unity.app/Contents/Managed'
Mono path[1] = '/Applications/Unity/Unity.app/Contents/Mono/lib/mono/2.0'
Mono config path = '/Applications/Unity/Unity.app/Contents/Mono/etc'
Using monoOptions --debugger-agent=transport=dt_socket,embedding=1,defer=y,address=0.0.0.0:56783
Begin MonoManager ReloadAssembly
Initializing Unity.PackageManager (PackageManager) v2017.3.1 for Unity v2017.3.1f1
Registering precompiled unity dll's ...
Register platform support module: /Applications/Unity/PlaybackEngines/AndroidPlayer/UnityEditor.Android.Extensions.dll
Register platform support module: /Applications/Unity/PlaybackEngines/iOSSupport/UnityEditor.iOS.Extensions.dll
Register platform support module: /Applications/Unity/PlaybackEngines/WebGLSupport/UnityEditor.WebGL.Extensions.dll
Register platform support module: /Applications/Unity/PlaybackEngines/WindowsStandaloneSupport/UnityEditor.WindowsStandalone.Extensions.dll
Register platform support module: /Applications/Unity/Unity.app/Contents/PlaybackEngines/MacStandaloneSupport/UnityEditor.OSXStandalone.Extensions.dll
Registered in 0.004701 seconds.
System.SystemException: Error running gmcs: Cannot find the specified file
  at Mono.CSharp.CSharpCodeCompiler.CompileFromFileBatch (System.CodeDom.Compiler.CompilerParameters options, System.String[] fileNames) [0x00000] in <filename unknown>:0 
  at Mono.CSharp.CSharpCodeCompiler.CompileAssemblyFromFileBatch (System.CodeDom.Compiler.CompilerParameters options, System.String[] fileNames) [0x00000] in <filename unknown>:0 
  at Mono.CSharp.CSharpCodeCompiler.CompileAssemblyFromFile (System.CodeDom.Compiler.CompilerParameters options, System.String fileName) [0x00000] in <filename unknown>:0 
  at System.Xml.Serialization.XmlSerializer.GenerateSerializers (System.Xml.Serialization.GenerationBatch batch, System.CodeDom.Compiler.CompilerParameters cp) [0x00000] in <filename unknown>:0 
  at System.Xml.Serialization.XmlSerializer.RunSerializerGeneration (System.Object obj) [0x00000] in <filename unknown>:0 System.SystemException: Error running gmcs: Cannot find the specified file
  at Mono.CSharp.CSharpCodeCompiler.CompileFromFileBatch (System.CodeDom.Compiler.CompilerParameters options, System.String[] fileNames) [0x00000] in <filename unknown>:0 
  at Mono.CSharp.CSharpCodeCompiler.CompileAssemblyFromFileBatch (System.CodeDom.Compiler.CompilerParameters options, System.String[] fileNames) [0x00000] in <filename unknown>:0 
  at Mono.CSharp.CSharpCodeCompiler.CompileAssemblyFromFile (System.CodeDom.Compiler.CompilerParameters options, System.String fileName) [0x00000] in <filename unknown>:0 
  at System.Xml.Serialization.XmlSerializer.GenerateSerializers (System.Xml.Serialization.GenerationBatch batch, System.CodeDom.Compiler.CompilerParameters cp) [0x00000] in <filename unknown>:0 
  at System.Xml.Serialization.XmlSerializer.RunSerializerGeneration (System.Object obj) [0x00000] in <filename unknown>:0 

Refreshing native plugins compatible for Editor in 0.68 ms, found 4 plugins.
Preloading 1 native plugins for Editor in 6.25 ms.
Mono: successfully reloaded assembly
- Completed reload, in  2.082 seconds
Registering platform support modules:
Registered platform support modules in: 0.180525s.
Native extension for OSXStandalone target not found
Native extension for WindowsStandalone target not found
Native extension for WebGL target not found
Native extension for iOS target not found
[XcodeApplications] RefreshListOfAvailableXcodeApplications in: 0.039608s.
Native extension for Android target not found
Begin MonoManager ReloadAssembly
Registering precompiled user dll's ...
Registered in 0.020806 seconds.
Refreshing native plugins compatible for Editor in 1.00 ms, found 4 plugins.
Preloading 1 native plugins for Editor in 0.75 ms.
Mono: successfully reloaded assembly
- Completed reload, in  1.124 seconds
Initializing Unity.PackageManager (PackageManager) v2017.3.1 for Unity v2017.3.1f1
Registering platform support modules:
Registered platform support modules in: 0.091897s.
Native extension for OSXStandalone target not found
Native extension for WindowsStandalone target not found
Native extension for WebGL target not found
Native extension for iOS target not found
[XcodeApplications] RefreshListOfAvailableXcodeApplications in: 0.006513s.
Native extension for Android target not found
Validating Project structure ... 0.000417 seconds.
Refresh: detecting if any assets need to be imported or removed ... Refresh: elapses 0.006601 seconds (Nothing changed)
Warming cache for 143 main assets: 0.000401 seconds elapsed
Initializing Unity extensions:
 '/Applications/Unity/Unity.app/Contents/UnityExtensions/Unity/UnityHoloLens/Editor/UnityEditor.HoloLens.dll'  GUID: 12fd8a0055b84bb59e84c9835a37e333
 '/Applications/Unity/Unity.app/Contents/UnityExtensions/Unity/Timeline/Runtime/UnityEngine.Timeline.dll'  GUID: 6a10b2909283487f913b00d94cd3faf5
 '/Applications/Unity/Unity.app/Contents/UnityExtensions/Unity/TestRunner/portable/nunit.framework.dll'  GUID: 405b9b51bb344a128608d968297df79c
 '/Applications/Unity/Unity.app/Contents/UnityExtensions/Unity/GUISystem/Standalone/UnityEngine.UI.dll'  GUID: f70555f144d8491a825f0804e09c671c
 '/Applications/Unity/Unity.app/Contents/UnityExtensions/Unity/GUISystem/UnityEngine.UI.dll'  GUID: f5f67c52d1564df4a8936ccd202a3bd8
 '/Applications/Unity/Unity.app/Contents/UnityExtensions/Unity/Timeline/RuntimeEditor/UnityEngine.Timeline.dll'  GUID: 844f815391db42d49455cbf1a7bfc434
 '/Applications/Unity/Unity.app/Contents/UnityExtensions/Unity/Networking/Standalone/UnityEngine.Networking.dll'  GUID: dc443db3e92b4983b9738c1131f555cb
 '/Applications/Unity/Unity.app/Contents/UnityExtensions/Unity/UnitySpatialTracking/Runtime/UnityEngine.SpatialTracking.dll'  GUID: ed7343f30e3843b3afda8f8b02669cea
 '/Applications/Unity/Unity.app/Contents/UnityExtensions/Unity/UnityGoogleAudioSpatializer/Editor/UnityEditor.GoogleAudioSpatializer.dll'  GUID: 4a3ecb1425d14502837abea459cf2b70
 '/Applications/Unity/Unity.app/Contents/UnityExtensions/Unity/Networking/Editor/UnityEditor.Networking.dll'  GUID: 5f32cd94baa94578a686d4b9d6b660f7
 '/Applications/Unity/Unity.app/Contents/UnityExtensions/Unity/UnityHoloLens/Runtime/UnityEngine.HoloLens.dll'  GUID: f7b54ff4a43d4fcf81b4538b678e0bcc
 '/Applications/Unity/Unity.app/Contents/UnityExtensions/Unity/UnitySpatialTracking/Editor/UnityEditor.SpatialTracking.dll'  GUID: b5da970776034f77a070d99423d68791
 '/Applications/Unity/Unity.app/Contents/UnityExtensions/Unity/TreeEditor/Editor/UnityEditor.TreeEditor.dll'  GUID: adebbd281f1a4ef3a30be7f21937e02f
 '/Applications/Unity/Unity.app/Contents/UnityExtensions/Unity/Networking/UnityEngine.Networking.dll'  GUID: 870353891bb340e2b2a9c8707e7419ba
 '/Applications/Unity/Unity.app/Contents/UnityExtensions/Unity/TestRunner/UnityEngine.TestRunner.dll'  GUID: 53ebcfaa2e1e4e2dbc85882cd5a73fa1
 '/Applications/Unity/Unity.app/Contents/UnityExtensions/Unity/UnityGoogleAudioSpatializer/RuntimeEditor/UnityEngine.GoogleAudioSpatializer.dll'  GUID: ead147da21254ff9a0a936bdd75e1680
 '/Applications/Unity/Unity.app/Contents/UnityExtensions/Unity/UnityGoogleAudioSpatializer/Runtime/UnityEngine.GoogleAudioSpatializer.dll'  GUID: e4f4cf1b9b434137a499903a7a1d651a
 '/Applications/Unity/Unity.app/Contents/UnityExtensions/Unity/UnityVR/Editor/UnityEditor.VR.dll'  GUID: 4ba2329b63d54f0187bcaa12486b1b0f
 '/Applications/Unity/Unity.app/Contents/UnityExtensions/Unity/UnityHoloLens/RuntimeEditor/UnityEngine.HoloLens.dll'  GUID: 1c6d1fbb51834b64847b1b73a75bfc77
 '/Applications/Unity/Unity.app/Contents/UnityExtensions/Unity/UnitySpatialTracking/RuntimeEditor/UnityEngine.SpatialTracking.dll'  GUID: 3a84de5cd0624681b6b6dcd8921d912a
 '/Applications/Unity/Unity.app/Contents/UnityExtensions/Unity/GUISystem/Editor/UnityEditor.UI.dll'  GUID: 80a3616ca19596e4da0f10f14d241e9f
 '/Applications/Unity/Unity.app/Contents/UnityExtensions/Unity/UIAutomation/UnityEngine.UIAutomation.dll'  GUID: c768acbc9cf24d398488bb4c93b91288
 '/Applications/Unity/Unity.app/Contents/UnityExtensions/Unity/TestRunner/Editor/UnityEditor.TestRunner.dll'  GUID: 4113173d5e95493ab8765d7b08371de4
 '/Applications/Unity/Unity.app/Contents/UnityExtensions/Unity/TestRunner/net35/unity-custom/nunit.framework.dll'  GUID: 4b3fa4bde7f1451a8218c03ee6a8ded8
 '/Applications/Unity/Unity.app/Contents/UnityExtensions/Unity/UIAutomation/Editor/UnityEditor.UIAutomation.dll'  GUID: b8a0574e92bd43a59e19d6c3c6ae54c7
 '/Applications/Unity/Unity.app/Contents/UnityExtensions/Unity/Timeline/Editor/UnityEditor.Timeline.dll'  GUID: 7668179ede524d6396c8b7d84461ea29
Unloading 115 Unused Serialized files (Serialized files now loaded: 0)
System memory in use before: 231.1 MB.
System memory in use after: 231.2 MB.

Unloading 88 unused Assets to reduce memory usage. Loaded Objects now: 846.
Total: 4.465773 ms (FindLiveObjects: 0.889621 ms CreateObjectMapping: 0.050008 ms MarkObjects: 3.486591 ms  DeleteObjects: 0.038249 ms)

Refresh: detecting if any assets need to be imported or removed ... Refresh: elapses 0.005933 seconds (Nothing changed)
DisplayProgressbar: Checking prerequisutes
Android PostProcess task "Checking prerequisutes" took 3.122 ms
DisplayProgressbar: Detecting Android SDK
AndroidSDKTools:

	root          : /Users/kevin/Library/Developer/Xamarin/android-sdk-macosx
	tools         : /Users/kevin/Library/Developer/Xamarin/android-sdk-macosx/tools
	platform-tools: /Users/kevin/Library/Developer/Xamarin/android-sdk-macosx/platform-tools
	build-tools   : /Users/kevin/Library/Developer/Xamarin/android-sdk-macosx/build-tools/25.0.2

	adb      : /Users/kevin/Library/Developer/Xamarin/android-sdk-macosx/platform-tools/adb
	aapt     : /Users/kevin/Library/Developer/Xamarin/android-sdk-macosx/build-tools/25.0.2/aapt
	zipalign : /Users/kevin/Library/Developer/Xamarin/android-sdk-macosx/build-tools/25.0.2/zipalign

AndroidJavaTools:
	java     : /usr/bin/java

Android PostProcess task "Detecting Android SDK" took 1388.349 ms
Android PostProcess task "Detect Android NDK" took 0.466 ms
Android PostProcess task "Trying to find a suitable Android device" took 0.269 ms
BuildPlayer: start building target 13
Refreshing native plugins compatible for Editor in 0.87 ms, found 4 plugins.
DisplayProgressbar: Building Player

Packing sprites:
[     39 MB ]- Collect Sprites to Pack : (SequentialAtlasing : 0) 
[     39 MB ]- Grouping sprites using the selected SpritePackerPolicy.
[     39 MB ][     39 MB ]- Completed grouping sprites to Atlas.
[     39 MB ]- Build Sprite Atlas. 
[     39 MB ]- Packing 0 atlases.
[     39 MB ]- Packing completed.
[     39 MB ]- Update Sprites and Cleanup. 
[     39 MB ]WARNING: Shader Unsupported: 'Hidden/BlitToDepth' - Pass '' has no vertex shader
WARNING: Shader Unsupported: 'Hidden/BlitToDepth' - Setting to default shader.
WARNING: Shader Unsupported: 'Hidden/BlitToDepth_MSAA' - Pass '' has no vertex shader
WARNING: Shader Unsupported: 'Hidden/BlitToDepth_MSAA' - Setting to default shader.
Opening scene 'Assets/EmptyScene.unity'
Load scene 'Assets/EmptyScene.unity' time: 0.318749 ms 
Setting up 1 worker threads for Enlighten.
  Thread -> id: 70000fd6d000 -> priority: 1 
Unloading 15 Unused Serialized files (Serialized files now loaded: 0)
System memory in use before: 264.8 MB.
System memory in use after: 264.9 MB.

Unloading 22 unused Assets to reduce memory usage. Loaded Objects now: 2879.
Total: 16.696418 ms (FindLiveObjects: 1.077554 ms CreateObjectMapping: 0.148717 ms MarkObjects: 6.372765 ms  DeleteObjects: 9.094904 ms)

[00:00:00] Enlighten: Precompute started.
[PathTracer] Issuing atlassing job. Atlas hash: bc06a9703e5ae257241f86e6e5e9cb62, width: 1024, height: 1024
Launched and connected shader compiler UnityShaderCompiler after 0.08 seconds
[00:00:00] Enlighten: Finished 1 Layout Systems job (0.00s execute, 0.00s integrate, 0.19s wallclock)
[00:00:00] Enlighten: Finished 1 Tetrahedralize Probes job (0.00s execute, 0.00s integrate, 0.01s wallclock)
[00:00:00] Enlighten: Precompute took 0.203990 seconds.
Enlighten scene contents:   0 geometries.   0 instances.   0 systems.   0 probe groups.   0 cube maps. Scene is up-to-date.
[00:00:00] Enlighten: Bake started.
[PathTracer][LP] Issuing deduplication and tetrahedralization job. Combined: 80257199cfa681a16be5e09b3c2208f4, tetrahedralized probes: 00000000000000000000000000000000, non-tetrahedralized probes: 00000000000000000000000000000000, dependencies: 00000000000000000000000000000000
[PathTracer][LP] Integrating deduplicated and tetrahedralized probes for hash 80257199cfa681a16be5e09b3c2208f4.
[PathTracer] Common reset.
[00:00:00] Enlighten: Finished 1 Bake Runtime job (0.05s execute, 0.00s integrate, 0.06s wallclock)
[00:00:00] Enlighten: Bake took 0.055467 seconds.
[PathTracer] Lightmap reset.
[PathTracer][LP] Light probes reset.
[PathTracer] building lightmap data asset.
[00:00:00] Enlighten: Reflection Probes started.
[00:00:00] Enlighten: Finished 1 Ambient Probes job (0.00s execute, 0.00s integrate, 0.01s wallclock)
WARNING: 307821920 format is not supported, decompressing texture
[00:00:00] Enlighten: Finished 1 Reflection Probes job (0.00s execute, 0.00s integrate, 0.01s wallclock)
WARNING: Shader Unsupported: 'Hidden/BlitToDepth' - Pass '' has no vertex shader
WARNING: Shader Unsupported: 'Hidden/BlitToDepth' - Setting to default shader.
WARNING: Shader Unsupported: 'Hidden/BlitToDepth_MSAA' - Pass '' has no vertex shader
WARNING: Shader Unsupported: 'Hidden/BlitToDepth_MSAA' - Setting to default shader.


Mono dependencies included in the build
Dependency assembly - Mono.Security.dll
Dependency assembly - System.Core.dll
Dependency assembly - System.dll
Dependency assembly - mscorlib.dll
Dependency assembly - UnityEngine.UI.dll
Dependency assembly - UnityEngine.Networking.dll
Dependency assembly - UnityEngine.Timeline.dll
Dependency assembly - UnityEngine.SpatialTracking.dll
Dependency assembly - UnityEngine.Analytics.dll
Dependency assembly - UnityEngine.StandardEvents.dll

DisplayProgressbar: Fetching assembly references
Unloading 12 Unused Serialized files (Serialized files now loaded: 0)
System memory in use before: 269.7 MB.
System memory in use after: 269.7 MB.

Unloading 23 unused Assets to reduce memory usage. Loaded Objects now: 2856.
Total: 15.537723 ms (FindLiveObjects: 0.779802 ms CreateObjectMapping: 0.045797 ms MarkObjects: 5.199074 ms  DeleteObjects: 9.511867 ms)

Unloading 1 Unused Serialized files (Serialized files now loaded: 0)
System memory in use before: 269.1 MB.
System memory in use after: 269.3 MB.

Unloading 0 unused Assets to reduce memory usage. Loaded Objects now: 2868.
Total: 6.834185 ms (FindLiveObjects: 1.032677 ms CreateObjectMapping: 0.060367 ms MarkObjects: 5.724244 ms  DeleteObjects: 0.015752 ms)

WARNING: Shader Unsupported: 'Hidden/BlitToDepth' - Pass '' has no vertex shader
WARNING: Shader Unsupported: 'Hidden/BlitToDepth' - Setting to default shader.
WARNING: Shader Unsupported: 'Hidden/BlitToDepth_MSAA' - Pass '' has no vertex shader
WARNING: Shader Unsupported: 'Hidden/BlitToDepth_MSAA' - Setting to default shader.
WARNING: Shader Unsupported: 'VR/SpatialMapping/Wireframe' - Pass '' has no vertex shader
WARNING: Shader Unsupported: 'VR/SpatialMapping/Wireframe' - Setting to default shader.
WARNING: Shader Unsupported: 'Hidden/VR/BlitTexArraySliceToDepth_MSAA' - Pass '' has no vertex shader
WARNING: Shader Unsupported: 'Hidden/VR/BlitTexArraySliceToDepth_MSAA' - Setting to default shader.
WARNING: Shader Unsupported: 'AR/TangoARRender' - Pass '' has no vertex shader
WARNING: Shader Unsupported: 'AR/TangoARRender' - Setting to default shader.
Unloading 1 Unused Serialized files (Serialized files now loaded: 0)
System memory in use before: 314.4 MB.
System memory in use after: 269.6 MB.

Unloading 144 unused Assets to reduce memory usage. Loaded Objects now: 2855.
Total: 112.384538 ms (FindLiveObjects: 0.855187 ms CreateObjectMapping: 0.057512 ms MarkObjects: 5.334724 ms  DeleteObjects: 106.135907 ms)

DisplayProgressbar: Building Player
WARNING: Shader Unsupported: 'Hidden/BlitToDepth' - Pass '' has no vertex shader
WARNING: Shader Unsupported: 'Hidden/BlitToDepth' - Setting to default shader.
WARNING: Shader Unsupported: 'Hidden/BlitToDepth_MSAA' - Pass '' has no vertex shader
WARNING: Shader Unsupported: 'Hidden/BlitToDepth_MSAA' - Setting to default shader.
Launched and connected shader compiler UnityShaderCompiler after 0.05 seconds
Launched and connected shader compiler UnityShaderCompiler after 0.05 seconds
Launched and connected shader compiler UnityShaderCompiler after 0.05 seconds
DisplayProgressbar: Creating staging area
Android PostProcess task "Creating staging area" took 6.42 ms
DisplayProgressbar: Generating Build Id
Android PostProcess task "Generating Build Id" took 0.917 ms
DisplayProgressbar: Preparing Unity resources
Android PostProcess task "Preparing Unity resources" took 64.689 ms
DisplayProgressbar: Splitting assets
Android PostProcess task "Splitting assets" took 24.374 ms
Android PostProcess task "Processing OBB assets" took 0.171 ms
DisplayProgressbar: Preparing Unity libraries
Android PostProcess task "Preparing Unity libraries" took 162.071 ms
DisplayProgressbar: Processing resources
Android PostProcess task "Processing resources" took 0.391 ms
DisplayProgressbar: Preparing APK resources
Android PostProcess task "Preparing APK resources" took 18.39 ms
DisplayProgressbar: Processing plugins
Android PostProcess task "Processing plugins" took 117.995 ms
DisplayProgressbar: Processing Android libraries
Android PostProcess task "Processing Android libraries" took 6.787 ms
DisplayProgressbar: Creating Android manifest
DisplayProgressbar: Fetching assembly references
Android PostProcess task "Creating Android manifest" took 1236.96 ms
DisplayProgressbar: Compiling resources
Android PostProcess task "Compiling resources" took 3.542 ms
Android PostProcess task "IL2CPP" took 0.505 ms
Android PostProcess task "Build native Unity binary" took 0.126 ms
Android PostProcess task "Zipping symbols" took 0.389 ms
Android PostProcess task "Performance Reporting Symbol Upload" took 0.264 ms
DisplayProgressbar: Preparing streaming assets
Android PostProcess task "Preparing streaming assets" took 1.247 ms
Android PostProcess task "fastzip" took 0.138 ms
Android PostProcess task "AAPT: Compiling all assets into one archive" took 0.911 ms
DisplayProgressbar: Building Gradle project
Android PostProcess task "Building Gradle project" took 34544.371 ms
DisplayProgressbar: Moving output package
Android PostProcess task "Moving output package" took 2.776 ms

-------------------------------------------------------------------------------
Build Report
Uncompressed usage by category:
Textures      0.0 kb	 0.0% 
Meshes        0.0 kb	 0.0% 
Animations    0.0 kb	 0.0% 
Sounds        0.0 kb	 0.0% 
Shaders       13.1 kb	 0.0% 
Other Assets  1.3 kb	 0.0% 
Levels        70.4 kb	 0.3% 
Scripts       675.4 kb	 2.6% 
Included DLLs 3.9 mb	 15.3% 
File headers  12.3 kb	 0.0% 
Complete size 25.6 mb	 100.0% 

Used Assets and files from the Resources folder, sorted by uncompressed size:
 13.6 kb	 0.1% Resources/unity_builtin_extra
 4.3 kb	 0.0% /Applications/Unity/PlaybackEngines/VuforiaSupport/Managed/iOS/Vuforia.UnityExtensions.dll
 4.3 kb	 0.0% /Applications/Unity/PlaybackEngines/VuforiaSupport/Managed/WindowsStoreApps/Vuforia.UnityExtensions.dll
 4.3 kb	 0.0% /Applications/Unity/PlaybackEngines/VuforiaSupport/Managed/Runtime/Vuforia.UnityExtensions.dll
 4.3 kb	 0.0% /Applications/Unity/PlaybackEngines/VuforiaSupport/Managed/Android/Vuforia.UnityExtensions.dll
 4.1 kb	 0.0% /Applications/Unity/Unity.app/Contents/UnityExtensions/Unity/GUISystem/UnityEngine.UI.dll
 4.1 kb	 0.0% /Applications/Unity/Unity.app/Contents/UnityExtensions/Unity/GUISystem/Standalone/UnityEngine.UI.dll
 1.8 kb	 0.0% /Applications/Unity/Unity.app/Contents/UnityExtensions/Unity/Networking/UnityEngine.Networking.dll
 1.8 kb	 0.0% /Applications/Unity/Unity.app/Contents/UnityExtensions/Unity/Networking/Standalone/UnityEngine.Networking.dll
 1.5 kb	 0.0% /Applications/Unity/Unity.app/Contents/UnityExtensions/Unity/Timeline/RuntimeEditor/UnityEngine.Timeline.dll
 1.5 kb	 0.0% /Applications/Unity/Unity.app/Contents/UnityExtensions/Unity/Timeline/Runtime/UnityEngine.Timeline.dll
 0.7 kb	 0.0% /Applications/Unity/Unity.app/Contents/UnityExtensions/Unity/UnityHoloLens/RuntimeEditor/UnityEngine.HoloLens.dll
 0.7 kb	 0.0% /Applications/Unity/Unity.app/Contents/UnityExtensions/Unity/UnityHoloLens/Runtime/UnityEngine.HoloLens.dll
 0.4 kb	 0.0% /Applications/Unity/Unity.app/Contents/UnityExtensions/Unity/TestRunner/UnityEngine.TestRunner.dll
 0.3 kb	 0.0% Packages/com.unity.analytics/UnityEngine.Analytics.dll
 0.3 kb	 0.0% Packages/com.unity.ads/UnityEngine.Advertisements.dll
 0.1 kb	 0.0% /Applications/Unity/Unity.app/Contents/UnityExtensions/Unity/UnityGoogleAudioSpatializer/RuntimeEditor/UnityEngine.GoogleAudioSpatializer.dll
 0.1 kb	 0.0% /Applications/Unity/Unity.app/Contents/UnityExtensions/Unity/UnityGoogleAudioSpatializer/Runtime/UnityEngine.GoogleAudioSpatializer.dll
 0.1 kb	 0.0% /Applications/Unity/Unity.app/Contents/UnityExtensions/Unity/UnitySpatialTracking/RuntimeEditor/UnityEngine.SpatialTracking.dll
 0.1 kb	 0.0% /Applications/Unity/Unity.app/Contents/UnityExtensions/Unity/UnitySpatialTracking/Runtime/UnityEngine.SpatialTracking.dll
-------------------------------------------------------------------------------
Unloading 11 Unused Serialized files (Serialized files now loaded: 0)
System memory in use before: 271.0 MB.
System memory in use after: 271.0 MB.

Unloading 22 unused Assets to reduce memory usage. Loaded Objects now: 2870.
Total: 16.167869 ms (FindLiveObjects: 0.941907 ms CreateObjectMapping: 0.127710 ms MarkObjects: 5.621015 ms  DeleteObjects: 9.476542 ms)

Load scene 'Temp/__Backupscenes/0.backup' time: 0.033452 ms 
Unloading 0 Unused Serialized files (Serialized files now loaded: 0)
[00:00:00] Enlighten: Reflection Probes took 39.798260 seconds. Cancelled, so not done yet.
System memory in use before: 270.6 MB.
System memory in use after: 270.8 MB.

Unloading 0 unused Assets to reduce memory usage. Loaded Objects now: 2860.
Total: 6.752933 ms (FindLiveObjects: 1.072136 ms CreateObjectMapping: 0.059478 ms MarkObjects: 5.592399 ms  DeleteObjects: 0.027384 ms)


*** Completed 'Build.Player.AndroidPlayer' in 43 seconds (43229 ms)

- Starting compile Library/ScriptAssemblies/Assembly-CSharp-Editor.dll

-----Compiler Commandline Arguments:
Filename: /Applications/Unity/Unity.app/Contents/MonoBleedingEdge/bin/mono
Arguments: '/Applications/Unity/Unity.app/Contents/MonoBleedingEdge/lib/mono/4.5/mcs.exe'  @Temp/UnityTempFile-bab571a0c679148749c62ef22da29c11
index: 81
Responsefile: Temp/UnityTempFile-bab571a0c679148749c62ef22da29c11 Contents: 
-debug
-target:library
-nowarn:0169
-langversion:4
-out:'Temp/Assembly-CSharp-Editor.dll'
-unsafe
-r:'/Applications/Unity/Unity.app/Contents/Managed/UnityEditor.dll'
-r:'/Applications/Unity/Unity.app/Contents/Managed/UnityEngine/UnityEngine.dll'
-r:'/Applications/Unity/Unity.app/Contents/Managed/UnityEngine/UnityEngine.CoreModule.dll'
-r:'/Applications/Unity/Unity.app/Contents/Managed/UnityEngine/UnityEngine.AccessibilityModule.dll'
-r:'/Applications/Unity/Unity.app/Contents/Managed/UnityEngine/UnityEngine.ParticleSystemModule.dll'
-r:'/Applications/Unity/Unity.app/Contents/Managed/UnityEngine/UnityEngine.PhysicsModule.dll'
-r:'/Applications/Unity/Unity.app/Contents/Managed/UnityEngine/UnityEngine.VehiclesModule.dll'
-r:'/Applications/Unity/Unity.app/Contents/Managed/UnityEngine/UnityEngine.ClothModule.dll'
-r:'/Applications/Unity/Unity.app/Contents/Managed/UnityEngine/UnityEngine.AIModule.dll'
-r:'/Applications/Unity/Unity.app/Contents/Managed/UnityEngine/UnityEngine.AnimationModule.dll'
-r:'/Applications/Unity/Unity.app/Contents/Managed/UnityEngine/UnityEngine.TextRenderingModule.dll'
-r:'/Applications/Unity/Unity.app/Contents/Managed/UnityEngine/UnityEngine.UIModule.dll'
-r:'/Applications/Unity/Unity.app/Contents/Managed/UnityEngine/UnityEngine.TerrainPhysicsModule.dll'
-r:'/Applications/Unity/Unity.app/Contents/Managed/UnityEngine/UnityEngine.IMGUIModule.dll'
-r:'/Applications/Unity/Unity.app/Contents/Managed/UnityEngine/UnityEngine.ClusterInputModule.dll'
-r:'/Applications/Unity/Unity.app/Contents/Managed/UnityEngine/UnityEngine.ClusterRendererModule.dll'
-r:'/Applications/Unity/Unity.app/Contents/Managed/UnityEngine/UnityEngine.UNETModule.dll'
-r:'/Applications/Unity/Unity.app/Contents/Managed/UnityEngine/UnityEngine.DirectorModule.dll'
-r:'/Applications/Unity/Unity.app/Contents/Managed/UnityEngine/UnityEngine.UnityAnalyticsModule.dll'
-r:'/Applications/Unity/Unity.app/Contents/Managed/UnityEngine/UnityEngine.PerformanceReportingModule.dll'
-r:'/Applications/Unity/Unity.app/Contents/Managed/UnityEngine/UnityEngine.UnityConnectModule.dll'
-r:'/Applications/Unity/Unity.app/Contents/Managed/UnityEngine/UnityEngine.WebModule.dll'
-r:'/Applications/Unity/Unity.app/Contents/Managed/UnityEngine/UnityEngine.ARModule.dll'
-r:'/Applications/Unity/Unity.app/Contents/Managed/UnityEngine/UnityEngine.VRModule.dll'
-r:'/Applications/Unity/Unity.app/Contents/Managed/UnityEngine/UnityEngine.UIElementsModule.dll'
-r:'/Applications/Unity/Unity.app/Contents/Managed/UnityEngine/UnityEngine.StyleSheetsModule.dll'
-r:'/Applications/Unity/Unity.app/Contents/Managed/UnityEngine/UnityEngine.AssetBundleModule.dll'
-r:'/Applications/Unity/Unity.app/Contents/Managed/UnityEngine/UnityEngine.AudioModule.dll'
-r:'/Applications/Unity/Unity.app/Contents/Managed/UnityEngine/UnityEngine.CrashReportingModule.dll'
-r:'/Applications/Unity/Unity.app/Contents/Managed/UnityEngine/UnityEngine.GameCenterModule.dll'
-r:'/Applications/Unity/Unity.app/Contents/Managed/UnityEngine/UnityEngine.GridModule.dll'
-r:'/Applications/Unity/Unity.app/Contents/Managed/UnityEngine/UnityEngine.ImageConversionModule.dll'
-r:'/Applications/Unity/Unity.app/Contents/Managed/UnityEngine/UnityEngine.InputModule.dll'
-r:'/Applications/Unity/Unity.app/Contents/Managed/UnityEngine/UnityEngine.JSONSerializeModule.dll'
-r:'/Applications/Unity/Unity.app/Contents/Managed/UnityEngine/UnityEngine.ParticlesLegacyModule.dll'
-r:'/Applications/Unity/Unity.app/Contents/Managed/UnityEngine/UnityEngine.Physics2DModule.dll'
-r:'/Applications/Unity/Unity.app/Contents/Managed/UnityEngine/UnityEngine.ScreenCaptureModule.dll'
-r:'/Applications/Unity/Unity.app/Contents/Managed/UnityEngine/UnityEngine.SharedInternalsModule.dll'
-r:'/Applications/Unity/Unity.app/Contents/Managed/UnityEngine/UnityEngine.SpriteMaskModule.dll'
-r:'/Applications/Unity/Unity.app/Contents/Managed/UnityEngine/UnityEngine.SpriteShapeModule.dll'
-r:'/Applications/Unity/Unity.app/Contents/Managed/UnityEngine/UnityEngine.TerrainModule.dll'
-r:'/Applications/Unity/Unity.app/Contents/Managed/UnityEngine/UnityEngine.TilemapModule.dll'
-r:'/Applications/Unity/Unity.app/Contents/Managed/UnityEngine/UnityEngine.UnityWebRequestModule.dll'
-r:'/Applications/Unity/Unity.app/Contents/Managed/UnityEngine/UnityEngine.UnityWebRequestAudioModule.dll'
-r:'/Applications/Unity/Unity.app/Contents/Managed/UnityEngine/UnityEngine.UnityWebRequestTextureModule.dll'
-r:'/Applications/Unity/Unity.app/Contents/Managed/UnityEngine/UnityEngine.UnityWebRequestWWWModule.dll'
-r:'/Applications/Unity/Unity.app/Contents/Managed/UnityEngine/UnityEngine.VideoModule.dll'
-r:'/Applications/Unity/Unity.app/Contents/Managed/UnityEngine/UnityEngine.WindModule.dll'
-r:'/Applications/Unity/Unity.app/Contents/UnityExtensions/Unity/GUISystem/UnityEngine.UI.dll'
-r:'/Applications/Unity/Unity.app/Contents/UnityExtensions/Unity/GUISystem/Editor/UnityEditor.UI.dll'
-r:'/Applications/Unity/Unity.app/Contents/UnityExtensions/Unity/Networking/UnityEngine.Networking.dll'
-r:'/Applications/Unity/Unity.app/Contents/UnityExtensions/Unity/Networking/Editor/UnityEditor.Networking.dll'
-r:'/Applications/Unity/Unity.app/Contents/UnityExtensions/Unity/TestRunner/Editor/UnityEditor.TestRunner.dll'
-r:'/Applications/Unity/Unity.app/Contents/UnityExtensions/Unity/TestRunner/UnityEngine.TestRunner.dll'
-r:'/Applications/Unity/Unity.app/Contents/UnityExtensions/Unity/TestRunner/net35/unity-custom/nunit.framework.dll'
-r:'/Applications/Unity/Unity.app/Contents/UnityExtensions/Unity/Timeline/RuntimeEditor/UnityEngine.Timeline.dll'
-r:'/Applications/Unity/Unity.app/Contents/UnityExtensions/Unity/Timeline/Editor/UnityEditor.Timeline.dll'
-r:'/Applications/Unity/Unity.app/Contents/UnityExtensions/Unity/TreeEditor/Editor/UnityEditor.TreeEditor.dll'
-r:'/Applications/Unity/Unity.app/Contents/UnityExtensions/Unity/UIAutomation/UnityEngine.UIAutomation.dll'
-r:'/Applications/Unity/Unity.app/Contents/UnityExtensions/Unity/UIAutomation/Editor/UnityEditor.UIAutomation.dll'
-r:'/Applications/Unity/Unity.app/Contents/UnityExtensions/Unity/UnityGoogleAudioSpatializer/Editor/UnityEditor.GoogleAudioSpatializer.dll'
-r:'/Applications/Unity/Unity.app/Contents/UnityExtensions/Unity/UnityGoogleAudioSpatializer/RuntimeEditor/UnityEngine.GoogleAudioSpatializer.dll'
-r:'/Applications/Unity/Unity.app/Contents/UnityExtensions/Unity/UnityHoloLens/Editor/UnityEditor.HoloLens.dll'
-r:'/Applications/Unity/Unity.app/Contents/UnityExtensions/Unity/UnityHoloLens/RuntimeEditor/UnityEngine.HoloLens.dll'
-r:'/Applications/Unity/Unity.app/Contents/UnityExtensions/Unity/UnitySpatialTracking/Editor/UnityEditor.SpatialTracking.dll'
-r:'/Applications/Unity/Unity.app/Contents/UnityExtensions/Unity/UnitySpatialTracking/RuntimeEditor/UnityEngine.SpatialTracking.dll'
-r:'/Applications/Unity/Unity.app/Contents/UnityExtensions/Unity/UnityVR/Editor/UnityEditor.VR.dll'
-r:'/Applications/Unity/PlaybackEngines/VuforiaSupport/Managed/Editor/Vuforia.UnityExtensions.Editor.dll'
-r:'/Applications/Unity/PlaybackEngines/VuforiaSupport/Managed/Runtime/Vuforia.UnityExtensions.dll'
-r:'/Applications/Unity/Unity.app/Contents/Managed/UnityEditor.Graphs.dll'
-r:'/Applications/Unity/PlaybackEngines/AndroidPlayer/UnityEditor.Android.Extensions.dll'
-r:'/Applications/Unity/PlaybackEngines/iOSSupport/UnityEditor.iOS.Extensions.dll'
-r:'/Applications/Unity/PlaybackEngines/WebGLSupport/UnityEditor.WebGL.Extensions.dll'
-r:'/Applications/Unity/PlaybackEngines/WindowsStandaloneSupport/UnityEditor.WindowsStandalone.Extensions.dll'
-r:'/Applications/Unity/Unity.app/Contents/PlaybackEngines/MacStandaloneSupport/UnityEditor.OSXStandalone.Extensions.dll'
-r:'/Users/kevin/Library/Unity/cache/packages/packages.unity.com/com.unity.ads@2.0.3/UnityEngine.Advertisements.dll'
-r:'/Users/kevin/Library/Unity/cache/packages/packages.unity.com/com.unity.ads@2.0.3/Editor/UnityEditor.Advertisements.dll'
-r:'/Users/kevin/Library/Unity/cache/packages/packages.unity.com/com.unity.analytics@2.0.13/UnityEngine.Analytics.dll'
-r:'/Users/kevin/Library/Unity/cache/packages/packages.unity.com/com.unity.analytics@2.0.13/Editor/UnityEditor.Analytics.dll'
-r:'/Users/kevin/Library/Unity/cache/packages/packages.unity.com/com.unity.purchasing@0.0.19/UnityEngine.Purchasing.dll'
-r:'/Users/kevin/Library/Unity/cache/packages/packages.unity.com/com.unity.purchasing@0.0.19/Editor/UnityEditor.Purchasing.dll'
-r:'/Users/kevin/Library/Unity/cache/packages/packages.unity.com/com.unity.standardevents@1.0.10/UnityEngine.StandardEvents.dll'
-r:'/Applications/Unity/PlaybackEngines/iOSSupport/UnityEditor.iOS.Extensions.Xcode.dll'
-r:'/Applications/Unity/PlaybackEngines/iOSSupport/UnityEditor.iOS.Extensions.Common.dll'
-define:UNITY_5_3_OR_NEWER
-define:UNITY_5_4_OR_NEWER
-define:UNITY_5_5_OR_NEWER
-define:UNITY_5_6_OR_NEWER
-define:UNITY_2017_1_OR_NEWER
-define:UNITY_2017_2_OR_NEWER
-define:UNITY_2017_3_OR_NEWER
-define:UNITY_2017_3_1
-define:UNITY_2017_3
-define:UNITY_2017
-define:UNITY_ANALYTICS
-define:ENABLE_AUDIO
-define:ENABLE_CACHING
-define:ENABLE_CLOTH
-define:ENABLE_GENERICS
-define:ENABLE_PVR_GI
-define:ENABLE_MICROPHONE
-define:ENABLE_MULTIPLE_DISPLAYS
-define:ENABLE_PHYSICS
-define:ENABLE_SPRITERENDERER_FLIPPING
-define:ENABLE_SPRITES
-define:ENABLE_GRID
-define:ENABLE_TILEMAP
-define:ENABLE_TERRAIN
-define:ENABLE_RAKNET
-define:ENABLE_DIRECTOR
-define:ENABLE_UNET
-define:ENABLE_LZMA
-define:ENABLE_UNITYEVENTS
-define:ENABLE_WEBCAM
-define:ENABLE_WWW
-define:ENABLE_CLOUD_SERVICES_COLLAB
-define:ENABLE_CLOUD_SERVICES_COLLAB_SOFTLOCKS
-define:ENABLE_CLOUD_SERVICES_ADS
-define:ENABLE_CLOUD_HUB
-define:ENABLE_CLOUD_PROJECT_ID
-define:ENABLE_CLOUD_SERVICES_USE_WEBREQUEST
-define:ENABLE_CLOUD_SERVICES_UNET
-define:ENABLE_CLOUD_SERVICES_BUILD
-define:ENABLE_CLOUD_LICENSE
-define:ENABLE_EDITOR_HUB
-define:ENABLE_EDITOR_HUB_LICENSE
-define:ENABLE_WEBSOCKET_CLIENT
-define:ENABLE_DIRECTOR_AUDIO
-define:ENABLE_DIRECTOR_TEXTURE
-define:ENABLE_TIMELINE
-define:ENABLE_EDITOR_METRICS
-define:ENABLE_EDITOR_METRICS_CACHING
-define:ENABLE_NATIVE_ARRAY
-define:ENABLE_SPRITE_MASKING
-define:INCLUDE_DYNAMIC_GI
-define:INCLUDE_GI
-define:ENABLE_MONO_BDWGC
-define:PLATFORM_SUPPORTS_MONO
-define:INCLUDE_PUBNUB
-define:ENABLE_PLAYMODE_TESTS_RUNNER
-define:ENABLE_VIDEO
-define:ENABLE_RMGUI
-define:ENABLE_PACKMAN
-define:ENABLE_CUSTOM_RENDER_TEXTURE
-define:ENABLE_STYLE_SHEETS
-define:ENABLE_LOCALIZATION
-define:PLATFORM_ANDROID
-define:UNITY_ANDROID
-define:UNITY_ANDROID_API
-define:ENABLE_SUBSTANCE
-define:ENABLE_EGL
-define:ENABLE_NETWORK
-define:ENABLE_RUNTIME_GI
-define:ENABLE_CRUNCH_TEXTURE_COMPRESSION
-define:ENABLE_UNITYWEBREQUEST
-define:ENABLE_CLOUD_SERVICES
-define:ENABLE_CLOUD_SERVICES_ANALYTICS
-define:ENABLE_EVENT_QUEUE
-define:ENABLE_CLOUD_SERVICES_PURCHASING
-define:ENABLE_CLOUD_SERVICES_CRASH_REPORTING
-define:ENABLE_CLOUD_SERVICES_NATIVE_CRASH_REPORTING
-define:PLATFORM_SUPPORTS_ADS_ID
-define:UNITY_CAN_SHOW_SPLASH_SCREEN
-define:ENABLE_VR
-define:ENABLE_AR
-define:ENABLE_SPATIALTRACKING
-define:ENABLE_UNITYADS_RUNTIME
-define:UNITY_UNITYADS_API
-define:ENABLE_MONO
-define:NET_2_0_SUBSET
-define:ENABLE_PROFILER
-define:DEBUG
-define:TRACE
-define:UNITY_ASSERTIONS
-define:UNITY_EDITOR
-define:UNITY_EDITOR_64
-define:UNITY_EDITOR_OSX
-define:ENABLE_NATIVE_ARRAY_CHECKS
-define:UNITY_TEAM_LICENSE
-define:UNITY_PRO_LICENSE
-define:UNITY_HAS_GOOGLEVR
-define:UNITY_HAS_TANGO
'Assets/Editor/BuildTool.cs'
-r:'/Applications/Unity/Unity.app/Contents/MonoBleedingEdge/lib/mono/2.0-api/System.Runtime.Serialization.dll'
-r:'/Applications/Unity/Unity.app/Contents/MonoBleedingEdge/lib/mono/2.0-api/System.Xml.Linq.dll'
-r:'/Applications/Unity/Unity.app/Contents/MonoBleedingEdge/lib/mono/2.0-api/UnityScript.dll'
-r:'/Applications/Unity/Unity.app/Contents/MonoBleedingEdge/lib/mono/2.0-api/UnityScript.Lang.dll'
-r:'/Applications/Unity/Unity.app/Contents/MonoBleedingEdge/lib/mono/2.0-api/Boo.Lang.dll'
-sdk:2.0

-----CompilerOutput:-stdout--exitcode: 0--compilationhadfailure: False--outfile: Temp/Assembly-CSharp-Editor.dll
Compilation succeeded - 2 warning(s)
-----CompilerOutput:-stderr----------
Assets/Editor/BuildTool.cs(59,30): warning CS0618: `UnityEditor.BuildTarget.StandaloneOSXIntel' is obsolete: `StandaloneOSXIntel has been removed in 2017.3'
Assets/Editor/BuildTool.cs(60,30): warning CS0618: `UnityEditor.BuildTarget.StandaloneOSXIntel64' is obsolete: `StandaloneOSXIntel64 has been removed in 2017.3'
-----EndCompilerOutput---------------
- Finished compile Library/ScriptAssemblies/Assembly-CSharp-Editor.dll
Assets/Editor/BuildTool.cs(59,30): warning CS0618: `UnityEditor.BuildTarget.StandaloneOSXIntel' is obsolete: `StandaloneOSXIntel has been removed in 2017.3'
 
(Filename: Assets/Editor/BuildTool.cs Line: 59)

Assets/Editor/BuildTool.cs(60,30): warning CS0618: `UnityEditor.BuildTarget.StandaloneOSXIntel64' is obsolete: `StandaloneOSXIntel64 has been removed in 2017.3'
 
(Filename: Assets/Editor/BuildTool.cs Line: 60)

Reloading assemblies after script compilation.
Begin MonoManager ReloadAssembly
Refreshing native plugins compatible for Editor in 1.35 ms, found 4 plugins.
Preloading 1 native plugins for Editor in 0.58 ms.
Mono: successfully reloaded assembly
Refreshing native plugins compatible for Editor in 0.80 ms, found 4 plugins.
Preloading 1 native plugins for Editor in 0.69 ms.

----- Total AssetImport time: 0.147902s, AssetImport time: 0.001472s, Asset hashing: 0.000000s [0 B, 0.000000 mb/s]

- Completed reload, in  1.859 seconds
Initializing Unity.PackageManager (PackageManager) v2017.3.1 for Unity v2017.3.1f1
Registering platform support modules:
Registered platform support modules in: 0.074094s.
Native extension for OSXStandalone target not found
Native extension for WindowsStandalone target not found
Native extension for WebGL target not found
Native extension for iOS target not found
[XcodeApplications] RefreshListOfAvailableXcodeApplications in: 0.012842s.
Native extension for Android target not found
Batchmode quit successfully invoked - shutting down!
Refresh: detecting if any assets need to be imported or removed ... Refresh: elapses 0.005855 seconds (Nothing changed)
Updating ProjectSettings/ProjectSettings.asset - GUID: 00000000000000004000000000000000...
 done. [Time: 69.883104 ms] 
Refreshing native plugins compatible for Editor in 0.81 ms, found 4 plugins.
Preloading 1 native plugins for Editor in 0.81 ms.

----- Total AssetImport time: 0.223421s, AssetImport time: 0.121723s, Asset hashing: 0.000000s [0 B, 0.000000 mb/s]

Refresh: detecting if any assets need to be imported or removed ... Refresh: elapses 0.006389 seconds (Nothing changed)
[Package Manager] Server::Kill -- Server was shutdown
Cleanup mono
Exiting batchmode successfully now!
